<?xml version="1.0" encoding="UTF-8"?>
<!-- Generated by org.testng.reporters.JUnitReportReporter -->
<testsuite hostname="DESKTOP-J2TI704" name="seleniumTestScenarios.loginTest" tests="1" failures="0" timestamp="3 Mar 2019 05:54:05 GMT" time="31.964" errors="0">
  <testcase name="validateLoginFunctionality" time="31.964" classname="seleniumTestScenarios.loginTest"/>
</testsuite> <!-- seleniumTestScenarios.loginTest -->
