<?xml version="1.0" encoding="UTF-8"?>
<!-- Generated by org.testng.reporters.JUnitReportReporter -->
<testsuite hostname="DESKTOP-J2TI704" name="learningTestng.TestExample3" tests="1" failures="0" timestamp="10 Feb 2019 05:46:10 GMT" time="0.008" errors="0">
  <testcase name="print" time="0.008" classname="learningTestng.TestExample3"/>
</testsuite> <!-- learningTestng.TestExample3 -->
