<?xml version="1.0" encoding="UTF-8"?>
<!-- Generated by org.testng.reporters.JUnitReportReporter -->
<testsuite hostname="DESKTOP-J2TI704" name="learningTestng.TestExample1" tests="3" failures="0" timestamp="10 Feb 2019 06:20:30 GMT" time="0.014" errors="0">
  <testcase name="subtract" time="0.010" classname="learningTestng.TestExample1"/>
  <testcase name="atest2" time="0.003" classname="learningTestng.TestExample1"/>
  <testcase name="test1" time="0.001" classname="learningTestng.TestExample1"/>
</testsuite> <!-- learningTestng.TestExample1 -->
