<?xml version="1.0" encoding="UTF-8"?>
<!-- Generated by org.testng.reporters.JUnitReportReporter -->
<testsuite hostname="DESKTOP-J2TI704" name="learningTestng.OrderOfExecution" tests="6" failures="0" timestamp="22 Feb 2019 17:23:57 GMT" time="0.060" errors="0">
  <testcase name="multiply" time="0.009" classname="learningTestng.OrderOfExecution"/>
  <testcase name="B" time="0.013" classname="learningTestng.OrderOfExecution"/>
  <testcase name="fact" time="0.008" classname="learningTestng.OrderOfExecution"/>
  <testcase name="C" time="0.009" classname="learningTestng.OrderOfExecution"/>
  <testcase name="add" time="0.014" classname="learningTestng.OrderOfExecution"/>
  <testcase name="Subtract" time="0.007" classname="learningTestng.OrderOfExecution"/>
</testsuite> <!-- learningTestng.OrderOfExecution -->
