<?xml version="1.0" encoding="UTF-8"?>
<!-- Generated by org.testng.reporters.JUnitReportReporter -->
<testsuite hostname="DESKTOP-J2TI704" name="seleniumTestScenarios.companiesTestPF" tests="1" failures="0" timestamp="30 Mar 2019 05:24:18 GMT" time="11.610" errors="0">
  <testcase name="validateCompanyFunctionality" time="11.610" classname="seleniumTestScenarios.companiesTestPF"/>
</testsuite> <!-- seleniumTestScenarios.companiesTestPF -->
