<?xml version="1.0" encoding="UTF-8"?>
<!-- Generated by org.testng.reporters.JUnitReportReporter -->
<testsuite hostname="DESKTOP-J2TI704" name="seleniumTestScenarios.loginTestPF" tests="1" failures="0" timestamp="30 Mar 2019 05:24:18 GMT" time="49.274" errors="0">
  <testcase name="validateLoginFunctionality" time="49.274" classname="seleniumTestScenarios.loginTestPF"/>
</testsuite> <!-- seleniumTestScenarios.loginTestPF -->
