<?xml version="1.0" encoding="UTF-8"?>
<!-- Generated by org.testng.reporters.JUnitReportReporter -->
<testsuite hostname="DESKTOP-J2TI704" name="seleniumTestScenarios.ImportFileTestPF" tests="1" failures="0" timestamp="30 Mar 2019 05:24:18 GMT" time="30.318" errors="0">
  <testcase name="validateImportFunctionality" time="30.318" classname="seleniumTestScenarios.ImportFileTestPF"/>
</testsuite> <!-- seleniumTestScenarios.ImportFileTestPF -->
