<?xml version="1.0" encoding="UTF-8"?>
<!-- Generated by org.testng.reporters.JUnitReportReporter -->
<testsuite hostname="DESKTOP-J2TI704" name="seleniumTestScenarios.companiesTest" tests="1" failures="0" timestamp="3 Mar 2019 05:54:05 GMT" time="16.359" errors="0">
  <testcase name="validateCompanyFunctionality" time="16.359" classname="seleniumTestScenarios.companiesTest"/>
</testsuite> <!-- seleniumTestScenarios.companiesTest -->
