<?xml version="1.0" encoding="UTF-8"?>
<!-- Generated by org.testng.reporters.JUnitReportReporter -->
<testsuite hostname="DESKTOP-J2TI704" name="dataprovider_example.DATAPROVIDEREXAMPLE" tests="5" failures="0" timestamp="3 Mar 2019 04:44:34 GMT" time="0.062" errors="0">
  <testcase name="instanceDbProvider" time="0.007" classname="dataprovider_example.DATAPROVIDEREXAMPLE"/>
  <testcase name="instanceDbProvider" time="0.019" classname="dataprovider_example.DATAPROVIDEREXAMPLE"/>
  <testcase name="instanceDbProvider" time="0.004" classname="dataprovider_example.DATAPROVIDEREXAMPLE"/>
  <testcase name="instanceDbProvider" time="0.023" classname="dataprovider_example.DATAPROVIDEREXAMPLE"/>
  <testcase name="instanceDbProvider" time="0.009" classname="dataprovider_example.DATAPROVIDEREXAMPLE"/>
</testsuite> <!-- dataprovider_example.DATAPROVIDEREXAMPLE -->
